<?xml version="1.0" encoding="UTF-8"?>
<testsuite name="StudentTest" tests="1" skipped="0" failures="0" errors="0" timestamp="2023-02-04T16:16:02" hostname="SANTHOSHMYAKALA" time="0.031">
  <properties/>
  <testcase name="shouldAddMarksOfAStudentWRTSemester()" classname="StudentTest" time="0.031"/>
  <system-out><![CDATA[{{Semester 1=Science}=100, {Semester 2=Science}=100, {Semester 1=English}=80, {Semester 1=Maths}=90, {Semester 2=English}=88, {Semester 2=Maths}=90}
90.0
92.67
180.0
]]></system-out>
  <system-err><![CDATA[]]></system-err>
</testsuite>
